<?xml version="1.0" encoding="UTF-8"?>
<testng-results skipped="0" failed="1" total="2" passed="1">
  <reporter-output>
  </reporter-output>
  <suite name="Default suite" duration-ms="54221" started-at="2017-06-11T14:20:41Z" finished-at="2017-06-11T14:21:36Z">
    <groups>
    </groups>
    <test name="Default test" duration-ms="54221" started-at="2017-06-11T14:20:41Z" finished-at="2017-06-11T14:21:36Z">
      <class name="DDT.WordPressLoginExcel">
        <test-method status="FAIL" signature="logintowordpress(java.lang.String, java.lang.String)[pri:0, instance:DDT.WordPressLoginExcel@7907ec20]" name="logintowordpress" duration-ms="22069" started-at="2017-06-11T19:50:42Z" data-provider="WordPressData" finished-at="2017-06-11T19:51:04Z">
          <params>
            <param index="0">
              <value>
                <![CDATA[admin1]]>
              </value>
            </param>
            <param index="1">
              <value>
                <![CDATA[demo12]]>
              </value>
            </param>
          </params>
          <exception class="java.lang.AssertionError">
            <message>
              <![CDATA[User Unable to Login with Invalid Credentials expected [true] but found [false]]]>
            </message>
            <full-stacktrace>
              <![CDATA[java.lang.AssertionError: User Unable to Login with Invalid Credentials expected [true] but found [false]
	at org.testng.Assert.fail(Assert.java:94)
	at org.testng.Assert.failNotEquals(Assert.java:494)
	at org.testng.Assert.assertTrue(Assert.java:42)
	at DDT.WordPressLoginExcel.logintowordpress(WordPressLoginExcel.java:36)
	at sun.reflect.NativeMethodAccessorImpl.invoke0(Native Method)
	at sun.reflect.NativeMethodAccessorImpl.invoke(Unknown Source)
	at sun.reflect.DelegatingMethodAccessorImpl.invoke(Unknown Source)
	at java.lang.reflect.Method.invoke(Unknown Source)
	at org.testng.internal.MethodInvocationHelper.invokeMethod(MethodInvocationHelper.java:84)
	at org.testng.internal.Invoker.invokeMethod(Invoker.java:714)
	at org.testng.internal.Invoker.invokeTestMethod(Invoker.java:901)
	at org.testng.internal.Invoker.invokeTestMethods(Invoker.java:1231)
	at org.testng.internal.TestMethodWorker.invokeTestMethods(TestMethodWorker.java:127)
	at org.testng.internal.TestMethodWorker.run(TestMethodWorker.java:111)
	at org.testng.TestRunner.privateRun(TestRunner.java:767)
	at org.testng.TestRunner.run(TestRunner.java:617)
	at org.testng.SuiteRunner.runTest(SuiteRunner.java:334)
	at org.testng.SuiteRunner.runSequentially(SuiteRunner.java:329)
	at org.testng.SuiteRunner.privateRun(SuiteRunner.java:291)
	at org.testng.SuiteRunner.run(SuiteRunner.java:240)
	at org.testng.SuiteRunnerWorker.runSuite(SuiteRunnerWorker.java:52)
	at org.testng.SuiteRunnerWorker.run(SuiteRunnerWorker.java:86)
	at org.testng.TestNG.runSuitesSequentially(TestNG.java:1224)
	at org.testng.TestNG.runSuitesLocally(TestNG.java:1149)
	at org.testng.TestNG.run(TestNG.java:1057)
	at org.testng.remote.RemoteTestNG.run(RemoteTestNG.java:111)
	at org.testng.remote.RemoteTestNG.initAndRun(RemoteTestNG.java:204)
	at org.testng.remote.RemoteTestNG.main(RemoteTestNG.java:175)
]]>
            </full-stacktrace>
          </exception> <!-- java.lang.AssertionError -->
          <reporter-output>
          </reporter-output>
        </test-method> <!-- logintowordpress -->
        <test-method status="PASS" signature="tearDown()[pri:0, instance:DDT.WordPressLoginExcel@7907ec20]" name="tearDown" is-config="true" duration-ms="860" started-at="2017-06-11T19:51:04Z" finished-at="2017-06-11T19:51:05Z">
          <reporter-output>
          </reporter-output>
        </test-method> <!-- tearDown -->
        <test-method status="PASS" signature="logintowordpress(java.lang.String, java.lang.String)[pri:0, instance:DDT.WordPressLoginExcel@7907ec20]" name="logintowordpress" duration-ms="29969" started-at="2017-06-11T19:51:05Z" data-provider="WordPressData" finished-at="2017-06-11T19:51:35Z">
          <params>
            <param index="0">
              <value>
                <![CDATA[admin]]>
              </value>
            </param>
            <param index="1">
              <value>
                <![CDATA[demo123]]>
              </value>
            </param>
          </params>
          <reporter-output>
          </reporter-output>
        </test-method> <!-- logintowordpress -->
        <test-method status="PASS" signature="tearDown()[pri:0, instance:DDT.WordPressLoginExcel@7907ec20]" name="tearDown" is-config="true" duration-ms="731" started-at="2017-06-11T19:51:35Z" finished-at="2017-06-11T19:51:36Z">
          <reporter-output>
          </reporter-output>
        </test-method> <!-- tearDown -->
      </class> <!-- DDT.WordPressLoginExcel -->
    </test> <!-- Default test -->
  </suite> <!-- Default suite -->
</testng-results>
